<?xml version="1.0" encoding="UTF-8"?>
<!-- Generated by org.testng.reporters.JUnitXMLReporter -->
<testsuite ignored="0" hostname="TAINI" failures="0" tests="7" name="Default test" time="35.115" errors="0" timestamp="2024-02-08T21:13:40 IST">
  <testcase classname="utilitylibrary.ReadMultipleDataFRomXcel" name="login" time="7.757"/>
  <testcase classname="utilitylibrary.ReadMultipleDataFRomXcel" name="login" time="4.615"/>
  <testcase classname="utilitylibrary.ReadMultipleDataFRomXcel" name="login" time="5.039"/>
  <testcase classname="utilitylibrary.ReadMultipleDataFRomXcel" name="login" time="4.429"/>
  <testcase classname="utilitylibrary.ReadMultipleDataFRomXcel" name="login" time="3.906"/>
  <testcase classname="utilitylibrary.ReadMultipleDataFRomXcel" name="login" time="4.13"/>
  <testcase classname="utilitylibrary.ReadMultipleDataFRomXcel" name="login" time="3.996"/>
</testsuite> <!-- Default test -->
