<?xml version="1.0" encoding="UTF-8"?>
<testng-results ignored="0" total="7" passed="7" failed="0" skipped="0">
  <reporter-output>
  </reporter-output>
  <suite started-at="2024-02-08T21:13:05 IST" name="Default suite" finished-at="2024-02-08T21:13:40 IST" duration-ms="35115">
    <groups>
    </groups>
    <test started-at="2024-02-08T21:13:05 IST" name="Default test" finished-at="2024-02-08T21:13:40 IST" duration-ms="35115">
      <class name="utilitylibrary.ReadMultipleDataFRomXcel">
        <test-method signature="login(java.lang.String,java.lang.String)[pri:0, instance:utilitylibrary.ReadMultipleDataFRomXcel@4229bb3f]" started-at="2024-02-08T21:13:06 IST" name="login" data-provider="data" finished-at="2024-02-08T21:13:14 IST" duration-ms="7757" status="PASS">
          <params>
            <param index="0">
              <value>
                <![CDATA[taini12@gmail.com]]>
              </value>
            </param>
            <param index="1">
              <value>
                <![CDATA[aappu123567]]>
              </value>
            </param>
          </params>
          <reporter-output>
          </reporter-output>
        </test-method> <!-- login -->
        <test-method signature="login(java.lang.String,java.lang.String)[pri:0, instance:utilitylibrary.ReadMultipleDataFRomXcel@4229bb3f]" started-at="2024-02-08T21:13:14 IST" name="login" data-provider="data" finished-at="2024-02-08T21:13:19 IST" duration-ms="4615" status="PASS">
          <params>
            <param index="0">
              <value>
                <![CDATA[taini12@gmail.com]]>
              </value>
            </param>
            <param index="1">
              <value>
                <![CDATA[aappu123568]]>
              </value>
            </param>
          </params>
          <reporter-output>
          </reporter-output>
        </test-method> <!-- login -->
        <test-method signature="login(java.lang.String,java.lang.String)[pri:0, instance:utilitylibrary.ReadMultipleDataFRomXcel@4229bb3f]" started-at="2024-02-08T21:13:19 IST" name="login" data-provider="data" finished-at="2024-02-08T21:13:24 IST" duration-ms="5039" status="PASS">
          <params>
            <param index="0">
              <value>
                <![CDATA[taini12@gmail.com]]>
              </value>
            </param>
            <param index="1">
              <value>
                <![CDATA[aappu123569]]>
              </value>
            </param>
          </params>
          <reporter-output>
          </reporter-output>
        </test-method> <!-- login -->
        <test-method signature="login(java.lang.String,java.lang.String)[pri:0, instance:utilitylibrary.ReadMultipleDataFRomXcel@4229bb3f]" started-at="2024-02-08T21:13:24 IST" name="login" data-provider="data" finished-at="2024-02-08T21:13:28 IST" duration-ms="4429" status="PASS">
          <params>
            <param index="0">
              <value>
                <![CDATA[taini12@gmail.com]]>
              </value>
            </param>
            <param index="1">
              <value>
                <![CDATA[aappu123570]]>
              </value>
            </param>
          </params>
          <reporter-output>
          </reporter-output>
        </test-method> <!-- login -->
        <test-method signature="login(java.lang.String,java.lang.String)[pri:0, instance:utilitylibrary.ReadMultipleDataFRomXcel@4229bb3f]" started-at="2024-02-08T21:13:28 IST" name="login" data-provider="data" finished-at="2024-02-08T21:13:32 IST" duration-ms="3906" status="PASS">
          <params>
            <param index="0">
              <value>
                <![CDATA[taini12@gmail.com]]>
              </value>
            </param>
            <param index="1">
              <value>
                <![CDATA[aappu123571]]>
              </value>
            </param>
          </params>
          <reporter-output>
          </reporter-output>
        </test-method> <!-- login -->
        <test-method signature="login(java.lang.String,java.lang.String)[pri:0, instance:utilitylibrary.ReadMultipleDataFRomXcel@4229bb3f]" started-at="2024-02-08T21:13:32 IST" name="login" data-provider="data" finished-at="2024-02-08T21:13:36 IST" duration-ms="4130" status="PASS">
          <params>
            <param index="0">
              <value>
                <![CDATA[taini12@gmail.com]]>
              </value>
            </param>
            <param index="1">
              <value>
                <![CDATA[aappu123572]]>
              </value>
            </param>
          </params>
          <reporter-output>
          </reporter-output>
        </test-method> <!-- login -->
        <test-method signature="login(java.lang.String,java.lang.String)[pri:0, instance:utilitylibrary.ReadMultipleDataFRomXcel@4229bb3f]" started-at="2024-02-08T21:13:36 IST" name="login" data-provider="data" finished-at="2024-02-08T21:13:40 IST" duration-ms="3996" status="PASS">
          <params>
            <param index="0">
              <value>
                <![CDATA[taini12@gmail.com]]>
              </value>
            </param>
            <param index="1">
              <value>
                <![CDATA[aappu123573]]>
              </value>
            </param>
          </params>
          <reporter-output>
          </reporter-output>
        </test-method> <!-- login -->
      </class> <!-- utilitylibrary.ReadMultipleDataFRomXcel -->
    </test> <!-- Default test -->
  </suite> <!-- Default suite -->
</testng-results>
